<?xml version="1.0" encoding="UTF-8"?>
<Site BuildName="Win32-MSBuild"
	BuildStamp="20230616-1104-Experimental"
	Name="EMBER-LEGION"
	Generator="ctest-3.25.1-msvc1"
	CompilerName="C:/Program Files/Microsoft Visual Studio/2022/Community/VC/Tools/MSVC/14.35.32215/bin/Hostx86/x64/cl.exe"
	CompilerVersion="19.35.32215.0"
	OSName="Windows"
	Hostname="EMBER-LEGION"
	OSRelease=" Server"
	OSVersion=" (Build 17763)"
	OSPlatform="AMD64"
	Is64Bits="1"
	VendorString="GenuineIntel"
	VendorID="Intel Corporation"
	FamilyID="6"
	ModelID="14"
	ProcessorCacheSize="-1"
	NumberOfLogicalCPU="8"
	NumberOfPhysicalCPU="4"
	TotalVirtualMemory="20372"
	TotalPhysicalMemory="16276"
	LogicalProcessorsPerPhysical="2"
	ProcessorClockFrequency="2807"
	>
	<Testing>
		<StartDateTime>Jun 16 16:52 Central European Daylight Time</StartDateTime>
		<StartTestTime>1686927134</StartTestTime>
		<TestList/>
		<EndDateTime>Jun 16 16:52 Central European Daylight Time</EndDateTime>
		<EndTestTime>1686927134</EndTestTime>
		<ElapsedMinutes>0</ElapsedMinutes>
	</Testing>
</Site>
